Reading tree BY
Executing blformat command...
Branch lengths assumed to be in units of numbers of substitutions per site
Number of sites in sequences set to 350351
All branch lengths multipled by the 350351 sites in the sequence
Branch lengths rounded to nearest integer
(This may not be a good idea when using CALIBRATE on ultrametric user supplied input trees. Use ROUND=NO then)
Defining clade name: Asco
Defining clade name: Euro
Defining clade name: Dothid
Setting minimum age constraint for taxon Asco to 438.000000
Setting maximum age constraint for taxon Asco to 449.000000
Setting minimum age constraint for taxon Euro to 376.270000
Setting minimum age constraint for taxon Dothid to 350.140000
Begin cross-validation analyses...
+
+
+
+
+
+
+
+
+
+
+
+
+
+
+

.....................................................................

CV Results for smoothing = 1.000000:
Pruned taxon	Sq		ChiSq		Result
    Ylip	7806324153.19	22416.61	Good
    Ncra	140180433.04	 1153.95	Good
    Mory	118720670.20	  980.16	Good
    Fgra	2861410413.87	17344.60	Good
  AFPA01	49952240.78	  858.60	Good
    PV07	2800512.50	   51.09	Good
  NAJM01	18611286.20	  246.34	Good
   EURHE	110283837.94	 1587.24	Good
    Afum	1751063744.33	20343.06	Good
  NOXB01	2720675386.73	18332.64	Good
   B0A48	3184953673.96	21225.75	Good
  MUNK01	12327330085.48	63693.47	Good
CCFEE531	48500690.81	 1288.94	Good
   B0A55	784966801.11	15770.54	Good
    Scer	39537746566.39	104481.40	Good
+
+
+
+
+
+
+
+
+
+
+
+
+
+
+

.....................................................................

CV Results for smoothing = 3.162278:
Pruned taxon	Sq		ChiSq		Result
    Ylip	962877458.65	 3309.82	Good
    Ncra	24640027.91	  215.00	Good
    Mory	16495676.05	  144.33	Good
    Fgra	1430942855.25	 9583.72	Good
  AFPA01	44753218.10	  774.27	Good
    PV07	3602431.84	   65.99	Good
  NAJM01	11193119.01	  150.08	Good
   EURHE	134717577.88	 1908.54	Good
    Afum	1771743163.84	20524.56	Good
  NOXB01	3133327003.32	20583.91	Good
   B0A48	3604740633.09	23459.89	Good
  MUNK01	15007380053.80	73200.44	Good
CCFEE531	194860256.43	 4366.79	Good
   B0A55	1304387344.91	22538.67	Good
    Scer	20552200909.83	63641.24	Good
+
+
+
+
+
+
+
+
+
+
+
+
+
+
+

.....................................................................

CV Results for smoothing = 10.000000:
Pruned taxon	Sq		ChiSq		Result
    Ylip	41767427.20	  156.82	Good
    Ncra	1132304.09	   10.23	Good
    Mory	34088.72	    0.31	Good
    Fgra	951522800.64	 6685.39	Good
  AFPA01	47597613.82	  820.51	Good
    PV07	2691662.27	   49.07	Good
  NAJM01	12915023.93	  172.59	Good
   EURHE	165337187.16	 2301.52	Good
    Afum	1857091982.15	21266.44	Good
  NOXB01	3945081485.29	24803.12	Good
   B0A48	4459867595.52	27804.97	Good
  MUNK01	17608559650.25	81820.27	Good
CCFEE531	373178077.80	 7466.28	Good
   B0A55	1808009035.52	28128.10	Good
    Scer	13459070386.75	45532.71	Good
+
+
+
+
+
+
+
+
+
+
+
+
+
+
+

.....................................................................

CV Results for smoothing = 31.622777:
Pruned taxon	Sq		ChiSq		Result
    Ylip	5893926.20	   22.89	Good
    Ncra	239177.06	    2.19	Good
    Mory	1847717.42	   16.97	Good
    Fgra	800909531.59	 5729.69	Good
  AFPA01	50960395.36	  874.86	Good
    PV07	1940404.01	   35.22	Good
  NAJM01	15538204.49	  206.68	Good
   EURHE	185828660.86	 2559.20	Good
    Afum	1921220447.55	21816.50	Good
  NOXB01	4416549776.11	27144.84	Good
   B0A48	4955963996.88	30216.60	Good
  MUNK01	18849298968.22	85754.35	Good
CCFEE531	472583268.88	 9018.25	Good
   B0A55	2065390617.24	30733.35	Good
    Scer	11164011644.45	39139.30	Good
+
+
+
+
+
+
+
+
+
+
+
+
+
+
+

.....................................................................

CV Results for smoothing = 100.000000:
Pruned taxon	Sq		ChiSq		Result
    Ylip	28901578.32	  113.56	Good
    Ncra	1037722.49	    9.55	Good
    Mory	3556137.22	   32.82	Good
    Fgra	753923790.19	 5426.27	Good
  AFPA01	52517629.82	  899.92	Good
    PV07	1648040.49	   29.85	Good
  NAJM01	16823745.75	  223.31	Good
   EURHE	194454270.76	 2666.51	Good
    Afum	1948506261.32	22048.69	Good
  NOXB01	4600472992.37	28039.22	Good
   B0A48	5149285337.09	31137.11	Good
  MUNK01	19301812053.60	87163.42	Good
CCFEE531	511021027.40	 9593.08	Good
   B0A55	2162063331.87	31676.27	Good
    Scer	10440973163.70	37056.39	Good
+
+
+
+
+
+
+
+
+
+
+
+
+
+
+

.....................................................................

CV Results for smoothing = 316.227766:
Pruned taxon	Sq		ChiSq		Result
    Ylip	39979351.36	  157.67	Good
    Ncra	1416546.60	   13.06	Good
    Mory	4228133.43	   39.09	Good
    Fgra	739158652.35	 5330.36	Good
  AFPA01	53073479.33	  908.85	Good
    PV07	1551048.12	   28.08	Good
  NAJM01	17291854.17	  229.35	Good
   EURHE	197457605.85	 2703.71	Good
    Afum	1958012511.62	22129.33	Good
  NOXB01	4662778747.43	28339.90	Good
   B0A48	5214744093.94	31446.48	Good
  MUNK01	19451764952.68	87627.44	Good
CCFEE531	524007900.70	 9784.44	Good
   B0A55	2194422171.43	31987.89	Good
    Scer	10212994263.88	36392.14	Good
+
+
+
+
+
+
+
+
+
+
+
+
+
+
+

.....................................................................

CV Results for smoothing = 1000.000000:
Pruned taxon	Sq		ChiSq		Result
    Ylip	43875262.63	  173.24	Good
    Ncra	1549590.79	   14.30	Good
    Mory	4454432.03	   41.20	Good
    Fgra	734499307.57	 5300.04	Good
  AFPA01	53256121.29	  911.78	Good
    PV07	1519978.89	   27.51	Good
  NAJM01	17446676.76	  231.35	Good
   EURHE	198437435.46	 2715.84	Good
    Afum	1961113364.26	22155.60	Good
  NOXB01	4682919504.03	28436.85	Good
   B0A48	5235902452.36	31546.23	Good
  MUNK01	19499893654.44	87776.07	Good
CCFEE531	528202852.06	 9845.96	Good
   B0A55	2204844487.86	32087.84	Good
    Scer	10140981485.47	36181.55	Good
+
+
+
+
+
+
+
+
+
+
+
+
+
+
+

.....................................................................

CV Results for smoothing = 3162.277660:
Pruned taxon	Sq		ChiSq		Result
    Ylip	45147013.37	  178.33	Good
    Ncra	1593008.35	   14.70	Good
    Mory	4527447.18	   41.88	Good
    Fgra	733026933.50	 5290.46	Good
  AFPA01	53314607.60	  912.72	Good
    PV07	1510091.05	   27.33	Good
  NAJM01	17496358.39	  231.99	Good
   EURHE	198750022.06	 2719.70	Good
    Afum	1962102310.80	22163.98	Good
  NOXB01	4689333473.51	28467.70	Good
   B0A48	5242639337.23	31577.97	Good
  MUNK01	19515201037.16	87823.31	Good
CCFEE531	529538947.17	 9865.52	Good
   B0A55	2208157883.44	32119.58	Good
    Scer	10118217990.47	36114.91	Good
********************************************************************************

Results of cross validation analysis for tree BY
Method = Penalized Likelihood

log10
smooth	smooth		Sq Error	Chi Square Error
--------------------------------------------------------------------------------
  0.00	     1		71463520496.52	289774.38	(Good)
  0.50	   3.2		48197861729.92	244467.25	(Good)
  1.00	    10		44733856321.09	247018.30	(Good)
  1.50	    32		44908176736.33	253270.90	(Good)
  2.00	 1e+02		45166997082.42	256115.96	(Good)
  2.50	3.2e+02		45272881312.89	257117.79	(Good)
  3.00	 1e+03		45308896605.89	257445.36	(Good)
  3.50	3.2e+03		45320556461.26	257550.06	(Good)
********************************************************************************

Optimum:   0.50	   3.2		48197861729.92	244467.25
********************************************************************************

[Printing tree 1]

[CHRONOGRAM of tree BY]
                 +------------Ncra
               +-+6
   +-----------+5+------------Mory
   |           |
   |           +--------------Fgra
   |
   |                   +------AFPA01
   |                 +-+13
 +-+4----------------+12------PV07
 | ||                |
 | ++Euro            +--------NAJM01
 | ||
 | ||                 +-------EURHE
 | |+-----------------+17
 | +10                +-------Afum
 | |
 | |          +---------------NOXB01
++2| +--------+21
|| | |        +---------------B0A48
|| +-+20
||   |                  +-----CCFEE5311
||   |+-----------------+26
+Asco++Dothid           +-----B0A55
||    |
||    +-----------------------MUNK01
||
|+----------------------------Ylip
|
+-----------------------------Scer

[Printing tree 1]

[TREE DESCRIPTION of tree BY]

tree BY = (((((Ncra:177.895433,Mory:177.895433):36.993081,Fgra:214.888514):176.748104,((((AFPA01:90.756928,PV07:90.756928):30.240005,NAJM01:120.996933):255.273067,(EURHE:106.933900,Afum:106.933900):269.336100)Euro:11.532309,((NOXB01:224.105456,B0A48:224.105456):132.763468,((CCFEE5311:62.188174,B0A55:62.188174):287.951826,MUNK01:350.140000)Dothid:6.728924):30.933385):3.834309):34.129235,Ylip:425.765853):23.234147,Scer:449.000000)Asco;
[Printing tree 1]

[TREE DESCRIPTION of tree BY]

tree BY = (((((Ncra:177.895433,Mory:177.895433):36.993081,Fgra:214.888514):176.748104,((((AFPA01:90.756928,PV07:90.756928):30.240005,NAJM01:120.996933):255.273067,(EURHE:106.933900,Afum:106.933900):269.336100)Euro:11.532309,((NOXB01:224.105456,B0A48:224.105456):132.763468,((CCFEE5311:62.188174,B0A55:62.188174):287.951826,MUNK01:350.140000)Dothid:6.728924):30.933385):3.834309):34.129235,Ylip:425.765853):23.234147,Scer:449.000000)Asco;
-----------------------------------------------------------------------------------------
Estimated ages and substitution rates for tree BY

Reconstruction method: Penalized likelihood
Named internal nodes indicated by [*]
Rates are for branches subtending indicated node
Rates are in units of substitutions per site per unit time

				  Constraints				Rates
	Node	   Fix [Mod]	  Min	  Max	  Age		Estimated	Local
-----------------------------------------------------------------------------------------
 [*]  Asco	       [0] 	 438.00	 449.00	 449.00		
     (2)	       [0] 	   --      --	 425.77		1.7810e-03	2.2061e-02
     (4)	       [0] 	   --      --	 391.64		1.7809e-03	2.2100e-02
     (5)	       [0] 	   --      --	 214.89		1.7809e-03	1.4468e-03
     (6)	       [0] 	   --      --	 177.90		1.7809e-03	1.7468e-03
      Ncra	     * [0] 	   --      --	   0.00		1.7809e-03	1.7591e-03
      Mory	     * [0] 	   --      --	   0.00		1.7809e-03	1.7686e-03
      Fgra	     * [0] 	   --      --	   0.00		1.7809e-03	1.4808e-03
     (10)	       [0] 	   --      --	 387.80		1.7806e-03	2.2433e-02
 [*]  Euro	       [0] 	 376.27	   --	 376.27		1.7806e-03	1.2278e-02
     (12)	       [0] 	   --      --	 121.00		1.7805e-03	1.5034e-03
     (13)	       [0] 	   --      --	  90.76		1.7805e-03	1.6035e-03
      AFPA01	     * [0] 	   --      --	   0.00		1.7805e-03	1.6074e-03
      PV07	     * [0] 	   --      --	   0.00		1.7805e-03	1.7766e-03
      NAJM01	     * [0] 	   --      --	   0.00		1.7805e-03	1.6805e-03
     (17)	       [0] 	   --      --	 106.93		1.7805e-03	9.7444e-04
      EURHE	     * [0] 	   --      --	   0.00		1.7805e-03	1.5743e-03
      Afum	     * [0] 	   --      --	   0.00		1.7805e-03	1.1806e-03
     (20)	       [0] 	   --      --	 356.87		1.7804e-03	1.1936e-02
     (21)	       [0] 	   --      --	 224.11		1.7803e-03	6.3788e-04
      NOXB01	     * [0] 	   --      --	   0.00		1.7803e-03	1.2258e-03
      B0A48	     * [0] 	   --      --	   0.00		1.7803e-03	1.1923e-03
 [*]  Dothid	       [0] 	 350.14	   --	 350.14		1.7803e-03	1.3078e-02
     (26)	       [0] 	   --      --	  62.19		1.7802e-03	6.2586e-04
      CCFEE531	     * [0] 	   --      --	   0.00		1.7801e-03	1.4074e-03
      B0A55	     * [0] 	   --      --	   0.00		1.7801e-03	9.9859e-04
      MUNK01	     * [0] 	   --      --	   0.00		1.7802e-03	6.7263e-04
      Ylip	     * [0] 	   --      --	   0.00		1.7810e-03	1.7422e-03
      Scer	     * [0] 	   --      --	   0.00		1.7148e-03	1.1416e-03
-----------------------------------------------------------------------------------------

Summary of rate variation (substitutions per site per unit time)
  Mean    = 0.001778
  Std Dev = 1.244e-05
  Min     = 0.001715
  Max     = 0.001781
  Range   = 6.626e-05
  Ratio   =  1.039
