Reading tree BY
Executing blformat command...
Branch lengths assumed to be in units of numbers of substitutions per site
Number of sites in sequences set to 350351
All branch lengths multipled by the 350351 sites in the sequence
Branch lengths rounded to nearest integer
(This may not be a good idea when using CALIBRATE on ultrametric user supplied input trees. Use ROUND=NO then)
Defining clade name: Asco
Defining clade name: Euro
Defining clade name: Dothid
Setting minimum age constraint for taxon Asco to 438.000000
Setting maximum age constraint for taxon Asco to 449.000000
Setting minimum age constraint for taxon Euro to 376.270000
Setting minimum age constraint for taxon Dothid to 350.140000
Begin cross-validation analyses...
+
+
+
+
+
+
+
+
+
+
+
+
+
+
+

.....................................................................

CV Results for smoothing = 1.000000:
Pruned taxon	Sq		ChiSq		Result
    Ylip	1975504798.51	15326.51	Good
   EURHE	22997157.81	  639.00	Good
    Afum	62738835.08	 1674.47	Good
  NAJM01	2821606.15	   74.68	Good
  AFPA01	16136058.47	  470.88	Good
    PV07	3454652.82	  103.24	Good
    Fgra	3658138.39	   62.12	Good
    Ncra	14587409.32	  259.62	Good
    Mory	6052719.68	  108.64	Good
  MUNK01	1026665450.89	13528.94	Good
CCFEE531	11548294.19	  504.46	Good
   B0A55	79917565.14	 3106.41	Good
  NOXB01	248030316.74	 3694.89	Good
   B0A48	527514537.64	 7555.06	Good
    Scer	7576651843.90	55344.04	Good
+
+
+
+
+
+
+
+
+
+
+
+
+
+
+

.....................................................................

CV Results for smoothing = 3.162278:
Pruned taxon	Sq		ChiSq		Result
    Ylip	234659013.79	 2352.08	Good
   EURHE	21674931.27	  604.61	Good
    Afum	58286799.89	 1567.63	Good
  NAJM01	7046783.13	  191.46	Good
  AFPA01	14864904.77	  435.84	Good
    PV07	3197289.64	   95.75	Good
    Fgra	3869525.75	   70.35	Good
    Ncra	3350871.73	   61.82	Good
    Mory	314323.77	    5.84	Good
  MUNK01	757203009.45	10610.68	Good
CCFEE531	18489387.02	  777.06	Good
   B0A55	94161425.12	 3554.51	Good
  NOXB01	138205041.81	 2189.04	Good
   B0A48	336380597.14	 5159.55	Good
    Scer	4148577828.89	36306.17	Good
+
+
+
+
+
+
+
+
+
+
+
+
+
+
+

.....................................................................

CV Results for smoothing = 10.000000:
Pruned taxon	Sq		ChiSq		Result
    Ylip	12893542.10	  146.45	Good
   EURHE	18560560.31	  522.80	Good
    Afum	51288768.48	 1397.19	Good
  NAJM01	10469600.74	  289.01	Good
  AFPA01	12471694.58	  369.18	Good
    PV07	2339084.19	   70.60	Good
    Fgra	17243181.33	  326.46	Good
    Ncra	 6056.76	    0.12	Good
    Mory	1631043.62	   31.38	Good
  MUNK01	744068486.71	10461.77	Good
CCFEE531	33768768.45	 1334.47	Good
   B0A55	124343968.44	 4450.72	Good
  NOXB01	121648161.25	 1949.23	Good
   B0A48	292067977.26	 4567.49	Good
    Scer	2725278489.25	26702.40	Good
+
+
+
+
+
+
+
+
+
+
+
+
+
+
+

.....................................................................

CV Results for smoothing = 31.622777:
Pruned taxon	Sq		ChiSq		Result
    Ylip	 5327.78	    0.06	Good
   EURHE	15281667.85	  435.34	Good
    Afum	44763376.49	 1235.28	Good
  NAJM01	13033946.39	  363.56	Good
  AFPA01	10376557.58	  310.00	Good
    PV07	1576136.28	   47.97	Good
    Fgra	27314978.96	  527.88	Good
    Ncra	1526284.58	   29.85	Good
    Mory	5741323.36	  112.89	Good
  MUNK01	771548386.32	10772.54	Good
CCFEE531	46904949.68	 1780.57	Good
   B0A55	148217633.57	 5117.75	Good
  NOXB01	129969328.12	 2070.25	Good
   B0A48	295331249.78	 4611.65	Good
    Scer	2215203634.49	22855.31	Good
+
+
+
+
+
+
+
+
+
+
+
+
+
+
+

.....................................................................

CV Results for smoothing = 100.000000:
Pruned taxon	Sq		ChiSq		Result
    Ylip	1248932.24	   14.99	Good
   EURHE	13705064.35	  392.74	Good
    Afum	41645801.13	 1156.82	Good
  NAJM01	14299703.56	  400.78	Good
  AFPA01	9387146.08	  281.77	Good
    PV07	1239667.86	   37.89	Good
    Fgra	31912904.19	  621.82	Good
    Ncra	2974395.25	   58.73	Good
    Mory	8233874.98	  163.42	Good
  MUNK01	788015781.47	10957.35	Good
CCFEE531	53437972.90	 1993.65	Good
   B0A55	159641719.46	 5425.94	Good
  NOXB01	136874018.41	 2169.91	Good
   B0A48	301850752.48	 4699.61	Good
    Scer	2048434983.42	21536.03	Good
+
+
+
+
+
+
+
+
+
+
+
+
+
+
+

.....................................................................

CV Results for smoothing = 316.227766:
Pruned taxon	Sq		ChiSq		Result
    Ylip	2031846.26	   24.47	Good
   EURHE	13134304.57	  377.23	Good
    Afum	40512054.33	 1128.10	Good
  NAJM01	14774869.41	  414.82	Good
  AFPA01	9028546.72	  271.49	Good
    PV07	1123119.64	   34.39	Good
    Fgra	33577190.76	  656.11	Good
    Ncra	3597953.43	   71.29	Good
    Mory	9218021.98	  183.56	Good
  MUNK01	794384378.41	11028.55	Good
CCFEE531	55885543.28	 2072.16	Good
   B0A55	163861138.26	 5538.13	Good
  NOXB01	139765989.96	 2211.44	Good
   B0A48	304807059.76	 4739.38	Good
    Scer	1995306729.80	21108.58	Good
+
+
+
+
+
+
+
+
+
+
+
+
+
+
+

.....................................................................

CV Results for smoothing = 1000.000000:
Pruned taxon	Sq		ChiSq		Result
    Ylip	2310269.32	   27.86	Good
   EURHE	12945929.36	  372.09	Good
    Afum	40136969.15	 1118.57	Good
  NAJM01	14934159.82	  419.54	Good
  AFPA01	8910048.67	  268.08	Good
    PV07	1085320.98	   33.25	Good
    Fgra	34127844.44	  667.48	Good
    Ncra	3815248.18	   75.68	Good
    Mory	9552710.59	  190.43	Good
  MUNK01	796532733.99	11052.53	Good
CCFEE531	56705011.86	 2098.30	Good
   B0A55	165267165.13	 5575.32	Good
  NOXB01	140765733.55	 2225.77	Good
   B0A48	305848766.10	 4753.37	Good
    Scer	1978475377.88	20972.41	Good
+
+
+
+
+
+
+
+
+
+
+
+
+
+
+

.....................................................................

CV Results for smoothing = 3162.277660:
Pruned taxon	Sq		ChiSq		Result
    Ylip	2401131.16	   28.96	Good
   EURHE	12885575.51	  370.45	Good
    Afum	40016636.30	 1115.51	Good
  NAJM01	14985465.92	  421.06	Good
  AFPA01	8872047.96	  266.99	Good
    PV07	1073275.08	   32.88	Good
    Fgra	34304667.20	  671.14	Good
    Ncra	3886097.14	   77.11	Good
    Mory	9661039.08	  192.66	Good
  MUNK01	797226143.56	11060.27	Good
CCFEE531	56968975.15	 2106.70	Good
   B0A55	165719320.18	 5587.26	Good
  NOXB01	141090941.27	 2230.43	Good
   B0A48	306189490.58	 4757.95	Good
    Scer	1973149951.12	20929.25	Good
********************************************************************************

Results of cross validation analysis for tree BY
Method = Penalized Likelihood

log10
smooth	smooth		Sq Error	Chi Square Error
--------------------------------------------------------------------------------
  0.00	     1		11578279384.74	102452.95	(Good)
  0.50	   3.2		5840281733.18	63982.40	(Good)
  1.00	    10		4168079383.46	52619.25	(Good)
  1.50	    32		3726794781.22	50270.90	(Good)
  2.00	 1e+02		3612902717.78	49911.45	(Good)
  2.50	3.2e+02		3581008746.57	49859.69	(Good)
  3.00	 1e+03		3571413289.04	49850.69	(Good)
  3.50	3.2e+03		3568430757.22	49848.63	(Good)
********************************************************************************

Optimum:   3.50	3.2e+03		3568430757.22	49848.63
********************************************************************************

[Printing tree 1]

[CHRONOGRAM of tree BY]
                  +-----------EURHE
    +-------------+7
    |             +-----------Afum
   ++Euro
   ||             +-----------AFPA01
   ||            ++12
   |+------------+10----------PV07
   +5            |
   |             +------------NAJM01
   |
   |        +-----------------Ncra
   |        +17
   +--------+15---------------Mory
  ++4       |
  ||        +-----------------Fgra
  ||
  ||                 +--------CCFEE5311
  ||  +--------------+23
  || ++Dothid        +--------B0A55
+-+2 ||
| |+-+20----------------------MUNK01
| |  |
| |  |   +--------------------NOXB01
+Asco+---+26
| |      +--------------------B0A48
| |
| +---------------------------Ylip
|
+-----------------------------Scer

[Printing tree 1]

[TREE DESCRIPTION of tree BY]

tree BY = ((((((EURHE:163.791904,Afum:163.791904):212.478096,((AFPA01:157.738896,PV07:157.738896):21.907299,NAJM01:179.646195):196.623805)Euro:12.819618,((Ncra:250.160252,Mory:250.160252):7.739620,Fgra:257.899873):131.189745):1.258650,(((CCFEE5311:112.695295,B0A55:112.695295):237.444705,MUNK01:350.140000)Dothid:8.802367,(NOXB01:301.246027,B0A48:301.246027):57.696340):31.405902):26.950675,Ylip:417.298944):31.701056,Scer:449.000000)Asco;
[Printing tree 1]

[TREE DESCRIPTION of tree BY]

tree BY = ((((((EURHE:163.791904,Afum:163.791904):212.478096,((AFPA01:157.738896,PV07:157.738896):21.907299,NAJM01:179.646195):196.623805)Euro:12.819618,((Ncra:250.160252,Mory:250.160252):7.739620,Fgra:257.899873):131.189745):1.258650,(((CCFEE5311:112.695295,B0A55:112.695295):237.444705,MUNK01:350.140000)Dothid:8.802367,(NOXB01:301.246027,B0A48:301.246027):57.696340):31.405902):26.950675,Ylip:417.298944):31.701056,Scer:449.000000)Asco;
-----------------------------------------------------------------------------------------
Estimated ages and substitution rates for tree BY

Reconstruction method: Penalized likelihood
Named internal nodes indicated by [*]
Rates are for branches subtending indicated node
Rates are in units of substitutions per site per unit time

				  Constraints				Rates
	Node	   Fix [Mod]	  Min	  Max	  Age		Estimated	Local
-----------------------------------------------------------------------------------------
 [*]  Asco	       [0] 	 438.00	 449.00	 449.00		
     (2)	       [0] 	   --      --	 417.30		5.9932e-04	4.4890e-03
     (4)	       [0] 	   --      --	 390.35		5.9923e-04	4.5106e-03
     (5)	       [0] 	   --      --	 389.09		5.9921e-04	2.2632e-03
 [*]  Euro	       [0] 	 376.27	   --	 376.27		5.9917e-04	2.2252e-03
     (7)	       [0] 	   --      --	 163.79		5.9913e-04	4.5938e-04
      EURHE	     * [0] 	   --      --	   0.00		5.9912e-04	5.4359e-04
      Afum	     * [0] 	   --      --	   0.00		5.9912e-04	5.1489e-04
     (10)	       [0] 	   --      --	 179.65		5.9915e-04	5.4794e-04
     (12)	       [0] 	   --      --	 157.74		5.9914e-04	5.2011e-04
      AFPA01	     * [0] 	   --      --	   0.00		5.9914e-04	5.4739e-04
      PV07	     * [0] 	   --      --	   0.00		5.9914e-04	5.7186e-04
      NAJM01	     * [0] 	   --      --	   0.00		5.9916e-04	6.2697e-04
     (15)	       [0] 	   --      --	 257.90		5.9922e-04	6.3722e-04
     (17)	       [0] 	   --      --	 250.16		5.9922e-04	6.0592e-04
      Ncra	     * [0] 	   --      --	   0.00		5.9922e-04	5.9752e-04
      Mory	     * [0] 	   --      --	   0.00		5.9922e-04	6.0762e-04
      Fgra	     * [0] 	   --      --	   0.00		5.9922e-04	6.3052e-04
     (20)	       [0] 	   --      --	 358.94		5.9909e-04	2.8465e-03
 [*]  Dothid	       [0] 	 350.14	   --	 350.14		5.9897e-04	3.1136e-03
     (23)	       [0] 	   --      --	 112.70		5.9890e-04	3.2003e-04
      CCFEE531	     * [0] 	   --      --	   0.00		5.9889e-04	4.9373e-04
      B0A55	     * [0] 	   --      --	   0.00		5.9888e-04	4.2517e-04
      MUNK01	     * [0] 	   --      --	   0.00		5.9891e-04	3.5742e-04
     (26)	       [0] 	   --      --	 301.25		5.9902e-04	3.3180e-04
      NOXB01	     * [0] 	   --      --	   0.00		5.9899e-04	4.8681e-04
      B0A48	     * [0] 	   --      --	   0.00		5.9898e-04	4.4395e-04
      Ylip	     * [0] 	   --      --	   0.00		5.9931e-04	5.7762e-04
      Scer	     * [0] 	   --      --	   0.00		5.7761e-04	3.1694e-04
-----------------------------------------------------------------------------------------

Summary of rate variation (substitutions per site per unit time)
  Mean    = 0.0005983
  Std Dev = 4.065e-06
  Min     = 0.0005776
  Max     = 0.0005993
  Range   = 2.17e-05
  Ratio   =  1.038
